<?xml version="1.0" encoding="UTF-8"?>
<!-- Generated by org.testng.reporters.JUnitReportReporter -->
<testsuite hostname="DESKTOP-0KJNDMH" name="com.greens.JsonPath" tests="5" failures="0" timestamp="3 Jun 2022 13:18:36 GMT" time="12.993" errors="0">
  <testcase name="deleteAddress" time="1.488" classname="com.greens.JsonPath"/>
  <testcase name="Login" time="7.448" classname="com.greens.JsonPath"/>
  <testcase name="addAddress" time="1.349" classname="com.greens.JsonPath"/>
  <testcase name="getAddress" time="1.349" classname="com.greens.JsonPath"/>
  <testcase name="updateAddress" time="1.359" classname="com.greens.JsonPath"/>
</testsuite> <!-- com.greens.JsonPath -->
