<?xml version="1.0" encoding="UTF-8"?>
<!-- Generated by org.testng.reporters.JUnitReportReporter -->
<testsuite hostname="DESKTOP-0KJNDMH" name="com.greens.ReqRes" tests="1" failures="0" timestamp="3 Jun 2022 07:37:37 GMT" time="6.731" errors="0">
  <testcase name="tc01" time="6.731" classname="com.greens.ReqRes"/>
</testsuite> <!-- com.greens.ReqRes -->
