<?xml version="1.0" encoding="UTF-8"?>
<!-- Generated by org.testng.reporters.JUnitReportReporter -->
<testsuite hostname="DESKTOP-0KJNDMH" name="api.ApiVelsRunner" tests="1" failures="0" timestamp="3 Jun 2022 16:02:00 GMT" time="2.359" errors="0">
  <testcase name="vels" time="2.359" classname="api.ApiVelsRunner"/>
</testsuite> <!-- api.ApiVelsRunner -->
